2019-10-24 16:15:16,005 desired_caps.py[line:46] INFO start app....
2019-10-24 16:48:05,571 desired_caps.py[line:46] INFO start app....
2019-10-24 16:48:14,459 common_fun.py[line:13] INFO =======check cancleBtn=======
2019-10-24 16:48:14,518 common_fun.py[line:19] INFO click cancelBtn~
2019-10-24 16:48:14,567 common_fun.py[line:23] INFO =======check skipBtn=======
2019-10-24 16:48:15,345 common_fun.py[line:29] INFO click skipBtn~
2019-10-24 16:48:55,287 desired_caps.py[line:46] INFO start app....
2019-10-24 16:49:04,570 common_fun.py[line:13] INFO =======check cancleBtn=======
2019-10-24 16:49:04,630 common_fun.py[line:19] INFO click cancelBtn~
2019-10-24 16:49:04,679 common_fun.py[line:23] INFO =======check skipBtn=======
2019-10-24 16:49:05,416 common_fun.py[line:29] INFO click skipBtn~
2019-10-24 16:49:30,419 desired_caps.py[line:46] INFO start app....
2019-10-24 16:49:39,009 common_fun.py[line:13] INFO =======check cancleBtn=======
2019-10-24 16:49:39,074 common_fun.py[line:19] INFO click cancelBtn~
2019-10-24 16:49:39,122 common_fun.py[line:23] INFO =======check skipBtn=======
2019-10-24 16:49:39,873 common_fun.py[line:29] INFO click skipBtn~
2019-10-24 16:49:39,913 common_fun.py[line:53] INFO get startApp screenshot
2019-10-24 16:53:25,196 desired_caps.py[line:46] INFO start app....
2019-10-24 16:53:33,898 common_fun.py[line:13] INFO =======check cancleBtn=======
2019-10-24 16:53:33,960 common_fun.py[line:19] INFO click cancelBtn~
2019-10-24 16:53:34,004 common_fun.py[line:23] INFO =======check skipBtn=======
2019-10-24 16:53:34,798 common_fun.py[line:29] INFO click skipBtn~
2019-10-24 16:53:34,839 common_fun.py[line:53] INFO get startApp screenshot
2019-10-24 16:53:35,486 common_fun.py[line:38] INFO swipeLeft~
2019-10-24 17:02:22,226 desired_caps.py[line:46] INFO start app....
2019-10-24 17:02:31,032 common_fun.py[line:38] INFO swipeLeft~
2019-10-24 17:02:32,331 common_fun.py[line:53] INFO get swipe1 screenshot
2019-10-24 17:02:32,927 common_fun.py[line:13] INFO =======check cancleBtn=======
2019-10-24 17:02:32,980 common_fun.py[line:19] INFO click cancelBtn~
2019-10-24 17:02:33,019 common_fun.py[line:38] INFO swipeLeft~
2019-10-24 17:02:34,372 common_fun.py[line:53] INFO get swipe1 screenshot
2019-10-24 17:03:33,963 desired_caps.py[line:46] INFO start app....
2019-10-24 17:03:42,320 common_fun.py[line:13] INFO =======check cancleBtn=======
2019-10-24 17:03:42,378 common_fun.py[line:19] INFO click cancelBtn~
2019-10-24 17:03:42,419 common_fun.py[line:38] INFO swipeLeft~
2019-10-24 17:03:43,794 common_fun.py[line:53] INFO get swipe1 screenshot
2019-10-25 11:33:46,617 desired_caps.py[line:46] INFO start app....
2019-10-25 11:33:55,645 common_fun.py[line:18] INFO =======check cancleBtn=======
2019-10-25 11:33:55,761 common_fun.py[line:24] INFO click cancelBtn~
2019-10-25 11:33:55,849 common_fun.py[line:43] INFO swipeLeft~
2019-10-25 11:33:57,413 common_fun.py[line:58] INFO get swipe1 screenshot
2019-10-25 11:33:58,442 desired_caps.py[line:46] INFO start app....
2019-10-25 11:34:25,091 desired_caps.py[line:46] INFO start app....
2019-10-25 11:34:35,466 common_fun.py[line:18] INFO =======check cancleBtn=======
2019-10-25 11:34:36,836 common_fun.py[line:24] INFO click cancelBtn~
2019-10-25 11:34:36,923 common_fun.py[line:28] INFO =======check skipBtn=======
2019-10-25 11:34:37,704 common_fun.py[line:34] INFO click skipBtn~
2019-10-25 11:34:37,762 loginView.py[line:29] INFO =======login========
2019-10-25 11:34:37,762 loginView.py[line:30] INFO input username:自学网2018
2019-10-25 11:34:39,770 loginView.py[line:34] INFO input password:zxw2018
2019-10-25 11:34:40,922 loginView.py[line:37] INFO click loginBtn.
2019-10-25 11:34:41,524 loginView.py[line:39] INFO login finished.
2019-10-25 11:34:41,524 loginView.py[line:55] INFO ========check_loginStatus=======
2019-10-25 11:34:41,525 common_fun.py[line:63] INFO ========check_market_ad=======
2019-10-25 11:34:49,839 loginView.py[line:44] INFO ========check_account_alert=========
2019-10-25 11:34:59,381 loginView.py[line:66] INFO login success~
2019-10-25 11:34:59,381 loginView.py[line:73] INFO =========logout action=========
2019-10-25 11:39:51,192 desired_caps.py[line:46] INFO start app....
2019-10-25 11:40:00,452 common_fun.py[line:18] INFO =======check cancleBtn=======
2019-10-25 11:40:00,530 common_fun.py[line:24] INFO click cancelBtn~
2019-10-25 11:40:00,578 common_fun.py[line:28] INFO =======check skipBtn=======
2019-10-25 11:40:01,334 common_fun.py[line:34] INFO click skipBtn~
2019-10-25 11:40:01,378 loginView.py[line:29] INFO =======login========
2019-10-25 11:40:01,378 loginView.py[line:30] INFO input username:自学网2018
2019-10-25 11:40:03,800 loginView.py[line:34] INFO input password:zxw219e3
2019-10-25 11:40:04,896 loginView.py[line:37] INFO click loginBtn.
2019-10-25 11:40:05,495 loginView.py[line:39] INFO login finished.
2019-10-25 11:40:05,495 loginView.py[line:55] INFO ========check_loginStatus=======
2019-10-25 11:40:05,495 common_fun.py[line:63] INFO ========check_market_ad=======
2019-10-25 11:40:13,548 loginView.py[line:44] INFO ========check_account_alert=========
2019-10-25 11:40:30,554 loginView.py[line:62] ERROR login fail~
2019-10-25 11:40:30,555 common_fun.py[line:58] INFO get loginFail screenshot
2019-10-25 15:00:20,021 desired_caps.py[line:46] INFO start app....
2019-10-25 15:00:30,466 registerView.py[line:19] INFO ========register_action=========
2019-10-25 15:06:15,463 desired_caps.py[line:46] INFO start app....
2019-10-25 15:06:25,889 common_fun.py[line:18] INFO =======check cancleBtn=======
2019-10-25 15:06:27,144 common_fun.py[line:24] INFO click cancelBtn~
2019-10-25 15:06:27,216 common_fun.py[line:28] INFO =======check skipBtn=======
2019-10-25 15:06:28,039 common_fun.py[line:34] INFO click skipBtn~
2019-10-25 15:06:28,108 registerView.py[line:23] INFO ========register_action=========
2019-10-25 15:06:28,909 registerView.py[line:26] INFO set userHgeader~
2019-10-25 15:09:27,521 desired_caps.py[line:46] INFO start app....
2019-10-25 15:09:36,820 common_fun.py[line:18] INFO =======check cancleBtn=======
2019-10-25 15:09:36,893 common_fun.py[line:24] INFO click cancelBtn~
2019-10-25 15:09:36,945 common_fun.py[line:28] INFO =======check skipBtn=======
2019-10-25 15:09:37,727 common_fun.py[line:34] INFO click skipBtn~
2019-10-25 15:09:37,769 registerView.py[line:23] INFO ========register_action=========
2019-10-25 15:09:38,961 registerView.py[line:26] INFO set userHgeader~
2019-10-25 15:15:26,242 desired_caps.py[line:46] INFO start app....
2019-10-25 15:15:35,031 common_fun.py[line:18] INFO =======check cancleBtn=======
2019-10-25 15:15:35,605 common_fun.py[line:24] INFO click cancelBtn~
2019-10-25 15:15:35,645 common_fun.py[line:28] INFO =======check skipBtn=======
2019-10-25 15:15:36,427 common_fun.py[line:34] INFO click skipBtn~
2019-10-25 15:15:36,469 registerView.py[line:23] INFO ========register_action=========
2019-10-25 15:15:37,248 registerView.py[line:26] INFO set userHgeader~
2019-10-25 15:19:03,183 desired_caps.py[line:46] INFO start app....
2019-10-25 15:19:12,137 common_fun.py[line:18] INFO =======check cancleBtn=======
2019-10-25 15:19:12,250 common_fun.py[line:24] INFO click cancelBtn~
2019-10-25 15:19:12,291 common_fun.py[line:28] INFO =======check skipBtn=======
2019-10-25 15:19:13,042 common_fun.py[line:34] INFO click skipBtn~
2019-10-25 15:19:13,085 registerView.py[line:24] INFO ========register_action=========
2019-10-25 15:19:14,310 registerView.py[line:27] INFO set userHgeader~
2019-10-25 15:19:51,643 desired_caps.py[line:46] INFO start app....
2019-10-25 15:20:01,860 common_fun.py[line:18] INFO =======check cancleBtn=======
2019-10-25 15:20:02,192 common_fun.py[line:24] INFO click cancelBtn~
2019-10-25 15:20:02,286 common_fun.py[line:28] INFO =======check skipBtn=======
2019-10-25 15:20:03,093 common_fun.py[line:34] INFO click skipBtn~
2019-10-25 15:20:03,154 registerView.py[line:24] INFO ========register_action=========
2019-10-25 15:20:04,042 registerView.py[line:27] INFO set userHgeader~
2019-11-01 15:54:41,921 desired_caps.py[line:46] INFO start app....
2019-11-01 15:54:56,664 desired_caps.py[line:46] INFO start app....
2019-11-01 15:55:07,455 common_fun.py[line:18] INFO =======check cancleBtn=======
2019-11-01 15:55:16,940 common_fun.py[line:22] INFO ========no cancleBtn=======
2019-11-01 15:55:16,940 common_fun.py[line:28] INFO =======check skipBtn=======
2019-11-01 15:55:24,958 common_fun.py[line:32] INFO ========no skipBtn=======
2019-11-01 15:55:24,959 registerView.py[line:48] INFO ========register_action=========
2019-11-01 15:55:25,146 registerView.py[line:53] INFO set userHgeader~
2019-11-01 15:55:44,300 registerView.py[line:62] INFO register username is xlp987987
2019-11-01 15:57:09,368 desired_caps.py[line:46] INFO start app....
2019-11-01 15:57:18,912 common_fun.py[line:18] INFO =======check cancleBtn=======
2019-11-01 15:57:27,384 common_fun.py[line:22] INFO ========no cancleBtn=======
2019-11-01 15:57:27,384 common_fun.py[line:28] INFO =======check skipBtn=======
2019-11-01 15:57:27,481 common_fun.py[line:34] INFO click skipBtn~
2019-11-01 15:57:27,569 registerView.py[line:48] INFO ========register_action=========
2019-11-01 15:57:29,249 registerView.py[line:53] INFO set userHgeader~
2019-11-01 15:57:52,970 registerView.py[line:62] INFO register username is xlp980
2019-11-01 16:02:20,089 desired_caps.py[line:46] INFO start app....
2019-11-01 16:02:30,985 common_fun.py[line:18] INFO =======check cancleBtn=======
2019-11-01 16:02:39,101 common_fun.py[line:22] INFO ========no cancleBtn=======
2019-11-01 16:02:39,101 common_fun.py[line:28] INFO =======check skipBtn=======
2019-11-01 16:02:39,204 common_fun.py[line:34] INFO click skipBtn~
2019-11-01 16:02:39,296 registerView.py[line:48] INFO ========register_action=========
2019-11-01 16:02:41,140 registerView.py[line:53] INFO set userHgeader~
2019-11-01 16:03:04,946 registerView.py[line:62] INFO register username is zxw2019FLY5694
2019-11-01 16:08:52,192 desired_caps.py[line:46] INFO start app....
2019-11-01 16:09:03,439 common_fun.py[line:18] INFO =======check cancleBtn=======
2019-11-01 16:09:11,631 common_fun.py[line:22] INFO ========no cancleBtn=======
2019-11-01 16:09:11,631 common_fun.py[line:28] INFO =======check skipBtn=======
2019-11-01 16:09:11,732 common_fun.py[line:34] INFO click skipBtn~
2019-11-01 16:09:11,827 registerView.py[line:48] INFO ========register_action=========
2019-11-01 16:09:13,506 registerView.py[line:53] INFO set userHgeader~
2019-11-01 16:09:55,917 desired_caps.py[line:46] INFO start app....
2019-11-01 16:10:07,001 common_fun.py[line:18] INFO =======check cancleBtn=======
2019-11-01 16:10:15,099 common_fun.py[line:22] INFO ========no cancleBtn=======
2019-11-01 16:10:15,099 common_fun.py[line:28] INFO =======check skipBtn=======
2019-11-01 16:10:15,197 common_fun.py[line:34] INFO click skipBtn~
2019-11-01 16:10:15,286 registerView.py[line:48] INFO ========register_action=========
2019-11-01 16:10:17,138 registerView.py[line:53] INFO set userHeader~
2019-11-01 16:18:03,502 desired_caps.py[line:46] INFO start app....
2019-11-01 16:18:12,224 common_fun.py[line:18] INFO =======check cancleBtn=======
2019-11-01 16:18:20,638 common_fun.py[line:22] INFO ========no cancleBtn=======
2019-11-01 16:18:20,638 common_fun.py[line:28] INFO =======check skipBtn=======
2019-11-01 16:18:20,697 common_fun.py[line:34] INFO click skipBtn~
2019-11-01 16:18:20,748 registerView.py[line:48] INFO ========register_action=========
2019-11-01 16:18:22,373 registerView.py[line:53] INFO set userHeader~
2019-11-01 16:18:42,944 registerView.py[line:62] INFO register username is zxw2019FLY6918
2019-11-01 16:18:45,338 registerView.py[line:64] INFO register password is zxw20197522
2019-11-01 16:18:45,985 registerView.py[line:66] INFO register email is 51zxw1027@qq.com
2019-11-01 16:18:46,640 registerView.py[line:68] INFO click registerBtn
2019-11-01 16:18:55,706 registerView.py[line:75] INFO register failed~
2019-11-01 16:18:55,706 common_fun.py[line:58] INFO get registerFail screenshot
2019-11-01 16:21:04,950 desired_caps.py[line:46] INFO start app....
2019-11-01 16:21:13,588 common_fun.py[line:18] INFO =======check cancleBtn=======
2019-11-01 16:21:22,167 common_fun.py[line:22] INFO ========no cancleBtn=======
2019-11-01 16:21:22,167 common_fun.py[line:28] INFO =======check skipBtn=======
2019-11-01 16:21:22,231 common_fun.py[line:34] INFO click skipBtn~
2019-11-01 16:21:22,284 registerView.py[line:48] INFO ========register_action=========
2019-11-01 16:21:23,906 registerView.py[line:53] INFO set userHeader~
2019-11-01 16:21:46,100 registerView.py[line:62] INFO register username is zxw2019FLY5284
2019-11-01 16:21:48,555 registerView.py[line:64] INFO register password is zxw20191263
2019-11-01 16:21:49,674 registerView.py[line:66] INFO register email is 51zxw6116@163.com
2019-11-01 16:21:50,813 registerView.py[line:68] INFO click registerBtn
2019-11-01 16:21:59,886 registerView.py[line:75] INFO register failed~
2019-11-01 16:21:59,888 common_fun.py[line:58] INFO get registerFail screenshot
2019-11-01 16:26:26,726 desired_caps.py[line:46] INFO start app....
2019-11-01 16:26:35,335 common_fun.py[line:18] INFO =======check cancleBtn=======
2019-11-01 16:26:43,679 common_fun.py[line:22] INFO ========no cancleBtn=======
2019-11-01 16:26:43,679 common_fun.py[line:28] INFO =======check skipBtn=======
2019-11-01 16:26:43,747 common_fun.py[line:34] INFO click skipBtn~
2019-11-01 16:26:43,803 registerView.py[line:48] INFO ========register_action=========
2019-11-01 16:26:45,426 registerView.py[line:53] INFO set userHeader~
2019-11-01 16:27:08,177 registerView.py[line:62] INFO register username is zxw2018xlp1802
2019-11-01 16:27:10,653 registerView.py[line:64] INFO register password is zxw20183735
2019-11-01 16:27:11,316 registerView.py[line:66] INFO register email is 51zxw5055@163.com
2019-11-01 16:27:11,960 registerView.py[line:68] INFO click registerBtn
2019-11-01 16:27:21,066 registerView.py[line:75] INFO register failed~
2019-11-01 16:27:21,066 common_fun.py[line:58] INFO get registerFail screenshot
2019-11-01 16:35:54,709 desired_caps.py[line:46] INFO start app....
2019-11-01 16:36:04,617 common_fun.py[line:18] INFO =======check cancleBtn=======
2019-11-01 16:36:04,705 common_fun.py[line:24] INFO click cancelBtn~
2019-11-01 16:36:04,794 common_fun.py[line:28] INFO =======check skipBtn=======
2019-11-01 16:36:05,661 common_fun.py[line:34] INFO click skipBtn~
2019-11-01 16:36:05,726 registerView.py[line:48] INFO ========register_action=========
2019-11-01 16:36:07,298 registerView.py[line:53] INFO set userHeader~
2019-11-01 16:36:32,195 registerView.py[line:62] INFO register username is zxw2018xlp6373
2019-11-01 16:36:34,633 registerView.py[line:64] INFO register password is zxw20184994
2019-11-01 16:36:35,267 registerView.py[line:66] INFO register email is 51zxw4633@163.com
2019-11-01 16:36:36,394 registerView.py[line:68] INFO click registerBtn
2019-11-01 16:36:45,782 registerView.py[line:75] INFO register failed~
2019-11-01 16:36:45,782 common_fun.py[line:58] INFO get registerFail screenshot
2019-11-01 16:38:37,280 desired_caps.py[line:46] INFO start app....
2019-11-01 16:38:46,139 common_fun.py[line:18] INFO =======check cancleBtn=======
2019-11-01 16:38:47,253 common_fun.py[line:24] INFO click cancelBtn~
2019-11-01 16:38:47,329 common_fun.py[line:28] INFO =======check skipBtn=======
2019-11-01 16:38:48,117 common_fun.py[line:34] INFO click skipBtn~
2019-11-01 16:38:48,183 registerView.py[line:48] INFO ========register_action=========
2019-11-01 16:38:50,513 registerView.py[line:53] INFO set userHeader~
2019-11-01 16:39:16,359 registerView.py[line:62] INFO register username is zxw2018xlp
2019-11-01 16:39:18,354 registerView.py[line:64] INFO register password is xlp19961105
2019-11-01 16:39:19,872 registerView.py[line:66] INFO register email is 2337603659@163.com
2019-11-01 16:39:20,982 registerView.py[line:68] INFO click registerBtn
2019-11-01 16:39:29,902 registerView.py[line:75] INFO register failed~
2019-11-01 16:39:29,903 common_fun.py[line:58] INFO get registerFail screenshot
2019-11-01 16:41:50,784 desired_caps.py[line:46] INFO start app....
2019-11-01 16:41:59,475 common_fun.py[line:18] INFO =======check cancleBtn=======
2019-11-01 16:42:00,362 common_fun.py[line:24] INFO click cancelBtn~
2019-11-01 16:42:00,408 common_fun.py[line:28] INFO =======check skipBtn=======
2019-11-01 16:42:01,130 common_fun.py[line:34] INFO click skipBtn~
2019-11-01 16:42:01,170 registerView.py[line:48] INFO ========register_action=========
2019-11-01 16:42:02,715 registerView.py[line:53] INFO set userHeader~
2019-11-01 16:42:25,912 registerView.py[line:62] INFO register username is zxw2018xlp123
2019-11-01 16:42:28,375 registerView.py[line:64] INFO register password is xlp19961105
2019-11-01 16:42:29,021 registerView.py[line:66] INFO register email is 2337603659@163.com
2019-11-01 16:42:29,658 registerView.py[line:68] INFO click registerBtn
2019-11-01 16:42:38,807 registerView.py[line:75] INFO register failed~
2019-11-01 16:42:38,807 common_fun.py[line:58] INFO get registerFail screenshot
2019-11-01 16:45:52,873 desired_caps.py[line:46] INFO start app....
2019-11-01 16:46:01,626 common_fun.py[line:18] INFO =======check cancleBtn=======
2019-11-01 16:46:01,715 common_fun.py[line:24] INFO click cancelBtn~
2019-11-01 16:46:01,819 common_fun.py[line:28] INFO =======check skipBtn=======
2019-11-01 16:46:02,631 common_fun.py[line:34] INFO click skipBtn~
2019-11-01 16:46:02,710 registerView.py[line:48] INFO ========register_action=========
2019-11-01 16:46:04,350 registerView.py[line:53] INFO set userHeader~
2019-11-01 16:46:28,624 registerView.py[line:62] INFO register username is zxw2018xlp123
2019-11-01 16:46:30,471 registerView.py[line:64] INFO register password is xlp19961105
2019-11-01 16:46:31,611 registerView.py[line:66] INFO register email is 2337603679@163.com
2019-11-01 16:46:32,256 registerView.py[line:68] INFO click registerBtn
2019-11-01 16:46:41,445 registerView.py[line:75] INFO register failed~
2019-11-01 16:46:41,445 common_fun.py[line:58] INFO get registerFail screenshot
2019-11-07 14:09:58,100 test_register.py[line:9] INFO =========test user register==========
2019-11-07 14:12:41,111 test_register.py[line:9] INFO =========test user register==========
2019-11-07 14:13:02,917 test_register.py[line:9] INFO =========test user register==========
2019-11-07 14:15:40,832 test_register.py[line:9] INFO =========test user register==========
2019-11-07 14:17:13,465 test_register.py[line:9] INFO =========test user register==========
2019-11-07 14:20:31,218 test_register.py[line:9] INFO =========test user register==========
2019-11-07 14:21:27,534 desired_caps.py[line:46] INFO start app....
2019-11-07 14:21:38,816 common_fun.py[line:19] INFO =======check cancleBtn=======
2019-11-07 14:21:38,904 common_fun.py[line:25] INFO click cancelBtn~
2019-11-07 14:21:38,952 common_fun.py[line:44] INFO swipeLeft~
2019-11-07 14:21:40,318 common_fun.py[line:59] INFO get swipe1 screenshot
2019-11-07 14:23:05,937 desired_caps.py[line:46] INFO start app....
2019-11-07 14:23:14,745 common_fun.py[line:19] INFO =======check cancleBtn=======
2019-11-07 14:23:14,822 common_fun.py[line:25] INFO click cancelBtn~
2019-11-07 14:23:14,864 common_fun.py[line:29] INFO =======check skipBtn=======
2019-11-07 14:23:15,634 common_fun.py[line:35] INFO click skipBtn~
2019-11-07 14:23:15,672 loginView.py[line:29] INFO =======login========
2019-11-07 14:23:15,673 loginView.py[line:30] INFO input username:自学网2018
2019-11-07 14:23:17,622 loginView.py[line:34] INFO input password:zxw289218
2019-11-07 14:23:18,729 loginView.py[line:37] INFO click loginBtn.
2019-11-07 14:23:19,300 loginView.py[line:39] INFO login finished.
2019-11-07 14:23:19,300 loginView.py[line:55] INFO ========check_loginStatus=======
2019-11-07 14:23:19,301 common_fun.py[line:64] INFO ========check_market_ad=======
2019-11-07 14:23:27,560 loginView.py[line:44] INFO ========check_account_alert=========
2019-11-07 14:23:44,503 loginView.py[line:62] ERROR login fail~
2019-11-07 14:23:44,503 common_fun.py[line:59] INFO get loginFail screenshot
2019-11-07 14:24:49,527 desired_caps.py[line:46] INFO start app....
2019-11-07 14:24:59,466 common_fun.py[line:19] INFO =======check cancleBtn=======
2019-11-07 14:24:59,575 common_fun.py[line:25] INFO click cancelBtn~
2019-11-07 14:24:59,658 common_fun.py[line:29] INFO =======check skipBtn=======
2019-11-07 14:25:00,487 common_fun.py[line:35] INFO click skipBtn~
2019-11-07 14:25:00,553 registerView.py[line:48] INFO ========register_action=========
2019-11-07 14:25:01,361 registerView.py[line:53] INFO set userHeader~
2019-11-07 14:25:26,053 registerView.py[line:62] INFO register username is zxw2018xlp
2019-11-07 14:25:28,497 registerView.py[line:64] INFO register password is xlp19961105
2019-11-07 14:25:29,692 registerView.py[line:66] INFO register email is 2337603679@163.com
2019-11-07 14:25:30,819 registerView.py[line:68] INFO click registerBtn
2019-11-07 14:25:39,521 registerView.py[line:75] INFO register failed~
2019-11-07 14:25:39,521 common_fun.py[line:59] INFO get registerFail screenshot
2019-11-07 14:26:10,263 desired_caps.py[line:46] INFO start app....
2019-11-07 14:26:21,300 common_fun.py[line:19] INFO =======check cancleBtn=======
2019-11-07 14:26:21,400 common_fun.py[line:25] INFO click cancelBtn~
2019-11-07 14:26:21,494 common_fun.py[line:29] INFO =======check skipBtn=======
2019-11-07 14:26:22,324 common_fun.py[line:35] INFO click skipBtn~
2019-11-07 14:26:22,398 registerView.py[line:48] INFO ========register_action=========
2019-11-07 14:26:23,205 registerView.py[line:53] INFO set userHeader~
2019-11-07 14:26:57,267 desired_caps.py[line:46] INFO start app....
2019-11-07 14:27:07,576 common_fun.py[line:19] INFO =======check cancleBtn=======
2019-11-07 14:27:07,683 common_fun.py[line:25] INFO click cancelBtn~
2019-11-07 14:27:07,758 common_fun.py[line:29] INFO =======check skipBtn=======
2019-11-07 14:27:08,578 common_fun.py[line:35] INFO click skipBtn~
2019-11-07 14:27:08,666 registerView.py[line:48] INFO ========register_action=========
2019-11-07 14:27:09,469 registerView.py[line:53] INFO set userHeader~
2019-11-07 14:27:34,035 registerView.py[line:62] INFO register username is zxw2018xlp6375
2019-11-07 14:27:36,010 registerView.py[line:64] INFO register password is zxw1207
2019-11-07 14:27:36,641 registerView.py[line:66] INFO register email is 51zxw7147@163.com
2019-11-07 14:27:37,997 registerView.py[line:68] INFO click registerBtn
2019-11-07 14:27:47,144 registerView.py[line:75] INFO register failed~
2019-11-07 14:27:47,144 common_fun.py[line:59] INFO get registerFail screenshot
2019-11-07 14:29:42,237 test_register.py[line:9] INFO =========test user register==========
2019-11-07 14:36:34,679 test_register.py[line:9] INFO =========test user register==========
2019-11-07 14:39:49,430 test_register.py[line:9] INFO =========test user register==========
2019-11-07 14:40:24,614 test_register.py[line:9] INFO =========test user register==========
2019-11-07 14:41:13,080 test_register.py[line:10] INFO =========test user register==========
2019-11-07 14:41:13,080 desired_caps.py[line:46] INFO start app....
2019-11-07 14:41:23,209 common_fun.py[line:19] INFO =======check cancleBtn=======
2019-11-07 14:41:23,275 common_fun.py[line:25] INFO click cancelBtn~
2019-11-07 14:41:23,324 common_fun.py[line:29] INFO =======check skipBtn=======
2019-11-07 14:41:24,102 common_fun.py[line:35] INFO click skipBtn~
2019-11-07 14:41:24,143 registerView.py[line:48] INFO ========register_action=========
2019-11-07 14:41:24,945 registerView.py[line:53] INFO set userHeader~
2019-11-07 14:41:42,472 registerView.py[line:62] INFO register username is zxw2018xlp8928
2019-11-07 14:41:44,123 registerView.py[line:64] INFO register password is zxw4865
2019-11-07 14:41:45,215 registerView.py[line:66] INFO register email is 51zxw1672@163.com
2019-11-07 14:41:46,673 registerView.py[line:68] INFO click registerBtn
2019-11-07 14:41:55,311 registerView.py[line:75] INFO register failed~
2019-11-07 14:41:55,311 common_fun.py[line:59] INFO get registerFail screenshot
2019-11-07 14:52:37,427 test_register.py[line:10] INFO =========test user register==========
2019-11-07 14:54:43,551 test_register.py[line:10] INFO =========test user register==========
2019-11-07 14:54:43,552 desired_caps.py[line:46] INFO start app....
2019-11-07 14:54:54,174 common_fun.py[line:19] INFO =======check cancleBtn=======
2019-11-07 14:54:54,492 common_fun.py[line:25] INFO click cancelBtn~
2019-11-07 14:54:54,618 common_fun.py[line:29] INFO =======check skipBtn=======
2019-11-07 14:54:55,441 common_fun.py[line:35] INFO click skipBtn~
2019-11-07 14:54:55,516 registerView.py[line:48] INFO ========register_action=========
2019-11-07 14:54:56,298 registerView.py[line:53] INFO set userHeader~
2019-11-07 14:55:14,021 registerView.py[line:62] INFO register username is zxw2018xlp3856
2019-11-07 14:55:15,972 registerView.py[line:64] INFO register password is zxw4863
2019-11-07 14:55:16,649 registerView.py[line:66] INFO register email is 51zxw2314@163.com
2019-11-07 14:55:17,295 registerView.py[line:68] INFO click registerBtn
2019-11-07 14:55:25,981 registerView.py[line:75] INFO register failed~
2019-11-07 14:55:25,981 common_fun.py[line:59] INFO get registerFail screenshot
2019-11-07 14:56:57,926 test_register.py[line:10] INFO =========test user register==========
2019-11-07 14:59:29,922 test_register.py[line:10] INFO =========test user register==========
2019-11-07 15:02:42,550 desired_caps.py[line:46] INFO start app....
2019-11-07 15:03:19,808 desired_caps.py[line:46] INFO start app....
2019-11-07 15:04:21,506 test_register.py[line:10] INFO =========test user register==========
2019-11-07 15:04:21,506 desired_caps.py[line:46] INFO start app....
2019-11-07 15:04:30,409 common_fun.py[line:19] INFO =======check cancleBtn=======
2019-11-07 15:04:30,920 common_fun.py[line:25] INFO click cancelBtn~
2019-11-07 15:05:41,896 test_register.py[line:10] INFO =========test user register==========
2019-11-07 15:06:20,591 test_register.py[line:10] INFO =========test user register==========
2019-11-07 15:07:14,588 test_register.py[line:10] INFO =========test user register==========
2019-11-07 15:07:14,588 desired_caps.py[line:46] INFO start app....
2019-11-07 15:07:26,682 common_fun.py[line:19] INFO =======check cancleBtn=======
2019-11-07 15:07:27,808 common_fun.py[line:25] INFO click cancelBtn~
2019-11-07 15:07:27,894 common_fun.py[line:29] INFO =======check skipBtn=======
2019-11-07 15:07:28,703 common_fun.py[line:35] INFO click skipBtn~
2019-11-07 15:07:28,794 registerView.py[line:48] INFO ========register_action=========
2019-11-07 15:07:29,561 registerView.py[line:53] INFO set userHeader~
2019-11-07 15:07:47,432 registerView.py[line:62] INFO register username is zxw2018xlp7396
2019-11-07 15:07:49,861 registerView.py[line:64] INFO register password is zxw8096
2019-11-07 15:07:51,012 registerView.py[line:66] INFO register email is 51zxw2935@163.com
2019-11-07 15:07:52,153 registerView.py[line:68] INFO click registerBtn
2019-11-07 15:08:01,270 registerView.py[line:75] INFO register failed~
2019-11-07 15:08:01,270 common_fun.py[line:59] INFO get registerFail screenshot
2019-11-07 15:38:07,861 test_login.py[line:10] INFO =======test login zxw2018======
2019-11-07 15:38:37,915 test_login.py[line:10] INFO =======test login zxw2018======
2019-11-07 15:38:37,915 desired_caps.py[line:46] INFO start app....
2019-11-07 15:38:47,389 common_fun.py[line:75] INFO ========get csv data========
2019-11-07 15:39:07,194 test_login.py[line:10] INFO =======test login zxw2018======
2019-11-07 15:39:07,194 desired_caps.py[line:46] INFO start app....
2019-11-07 15:39:16,629 common_fun.py[line:75] INFO ========get csv data========
2019-11-07 15:39:16,630 common_fun.py[line:19] INFO =======check cancleBtn=======
2019-11-07 15:39:16,706 common_fun.py[line:25] INFO click cancelBtn~
2019-11-07 15:39:16,754 common_fun.py[line:29] INFO =======check skipBtn=======
2019-11-07 15:39:17,507 common_fun.py[line:35] INFO click skipBtn~
2019-11-07 15:39:17,557 loginView.py[line:29] INFO =======login========
2019-11-07 15:39:17,557 loginView.py[line:30] INFO input username:自学网2018
2019-11-07 15:39:19,931 loginView.py[line:34] INFO input password:zxw2018
2019-11-07 15:39:21,592 loginView.py[line:37] INFO click loginBtn.
2019-11-07 15:39:22,281 loginView.py[line:39] INFO login finished.
2019-11-07 15:46:44,414 test_register.py[line:10] INFO =========test user register==========
2019-11-07 16:02:52,494 test_register.py[line:10] INFO =========test user register==========
2019-11-07 16:05:57,563 myunit.py[line:15] INFO =========test user register==========
2019-11-07 16:08:10,205 test_register.py[line:10] INFO =========test user register==========
2019-11-07 16:11:17,684 test_login.py[line:10] INFO =======test login zxw2018======
2019-11-07 16:19:33,779 test_login.py[line:12] INFO =======test login zxw2018======
2019-11-07 16:19:33,779 desired_caps.py[line:46] INFO start app....
2019-11-07 16:19:42,663 common_fun.py[line:75] INFO ========get csv data========
2019-11-07 16:19:42,664 common_fun.py[line:19] INFO =======check cancleBtn=======
2019-11-07 16:19:43,575 common_fun.py[line:25] INFO click cancelBtn~
2019-11-07 16:19:43,615 common_fun.py[line:29] INFO =======check skipBtn=======
2019-11-07 16:19:44,350 common_fun.py[line:35] INFO click skipBtn~
2019-11-07 16:19:44,390 loginView.py[line:29] INFO =======login========
2019-11-07 16:19:44,391 loginView.py[line:30] INFO input username:自学网2018
2019-11-07 16:19:46,676 loginView.py[line:34] INFO input password:zxw2018
2019-11-07 16:19:47,460 loginView.py[line:37] INFO click loginBtn.
2019-11-07 16:19:48,124 loginView.py[line:39] INFO login finished.
2019-11-07 16:19:48,124 loginView.py[line:55] INFO ========check_loginStatus=======
2019-11-07 16:19:48,124 common_fun.py[line:64] INFO ========check_market_ad=======
2019-11-07 16:19:56,362 loginView.py[line:44] INFO ========check_account_alert=========
2019-11-07 16:20:05,154 loginView.py[line:66] INFO login success~
2019-11-07 16:20:05,154 loginView.py[line:73] INFO =========logout action=========
2019-11-07 16:20:30,946 test_login.py[line:21] INFO =======test login zxw2017======
2019-11-07 16:20:30,946 desired_caps.py[line:46] INFO start app....
2019-11-07 16:20:40,098 common_fun.py[line:75] INFO ========get csv data========
2019-11-07 16:20:40,099 common_fun.py[line:19] INFO =======check cancleBtn=======
2019-11-07 16:20:40,163 common_fun.py[line:25] INFO click cancelBtn~
2019-11-07 16:20:40,206 common_fun.py[line:29] INFO =======check skipBtn=======
2019-11-07 16:20:40,978 common_fun.py[line:35] INFO click skipBtn~
2019-11-07 16:20:41,020 loginView.py[line:29] INFO =======login========
2019-11-07 16:20:41,020 loginView.py[line:30] INFO input username:自学网2017
2019-11-07 16:20:43,560 loginView.py[line:34] INFO input password:zxw2017
2019-11-07 16:20:44,300 loginView.py[line:37] INFO click loginBtn.
2019-11-07 16:20:44,993 loginView.py[line:39] INFO login finished.
2019-11-07 16:20:44,993 loginView.py[line:55] INFO ========check_loginStatus=======
2019-11-07 16:20:44,994 common_fun.py[line:64] INFO ========check_market_ad=======
2019-11-07 16:20:53,403 loginView.py[line:44] INFO ========check_account_alert=========
2019-11-07 16:21:02,757 loginView.py[line:66] INFO login success~
2019-11-07 16:21:02,758 loginView.py[line:73] INFO =========logout action=========
2019-11-07 16:21:17,676 test_login.py[line:30] INFO =======test login error======
2019-11-07 16:21:17,677 desired_caps.py[line:46] INFO start app....
2019-11-07 16:21:26,402 common_fun.py[line:75] INFO ========get csv data========
2019-11-07 16:21:26,404 common_fun.py[line:19] INFO =======check cancleBtn=======
2019-11-07 16:21:26,474 common_fun.py[line:25] INFO click cancelBtn~
2019-11-07 16:21:26,529 common_fun.py[line:29] INFO =======check skipBtn=======
2019-11-07 16:21:27,261 common_fun.py[line:35] INFO click skipBtn~
2019-11-07 16:21:27,305 loginView.py[line:29] INFO =======login========
2019-11-07 16:21:27,305 loginView.py[line:30] INFO input username:666
2019-11-07 16:21:29,876 loginView.py[line:34] INFO input password:222
2019-11-07 16:21:31,966 loginView.py[line:37] INFO click loginBtn.
2019-11-07 16:21:32,746 loginView.py[line:39] INFO login finished.
2019-11-07 16:21:32,747 loginView.py[line:55] INFO ========check_loginStatus=======
2019-11-07 16:21:32,747 common_fun.py[line:64] INFO ========check_market_ad=======
2019-11-07 16:21:41,017 loginView.py[line:44] INFO ========check_account_alert=========
2019-11-07 16:21:57,625 loginView.py[line:62] ERROR login fail~
2019-11-07 16:21:57,627 common_fun.py[line:59] INFO get loginFail screenshot
2019-11-08 14:58:22,332 run_test.py[line:20] INFO start run test case.....
2019-11-08 14:58:22,333 test_login.py[line:30] INFO =======test login error======
2019-11-08 14:58:22,333 desired_caps.py[line:46] INFO start app....
2019-11-08 14:59:01,603 run_test.py[line:20] INFO start run test case.....
2019-11-08 14:59:01,604 test_login.py[line:30] INFO =======test login error======
2019-11-08 14:59:01,604 desired_caps.py[line:46] INFO start app....
2019-11-08 14:59:15,776 common_fun.py[line:75] INFO ========get csv data========
2019-11-08 14:59:15,777 common_fun.py[line:19] INFO =======check cancleBtn=======
2019-11-08 14:59:19,103 common_fun.py[line:25] INFO click cancelBtn~
2019-11-08 14:59:19,151 common_fun.py[line:29] INFO =======check skipBtn=======
2019-11-08 14:59:19,895 common_fun.py[line:35] INFO click skipBtn~
2019-11-08 14:59:19,935 loginView.py[line:29] INFO =======login========
2019-11-08 14:59:19,935 loginView.py[line:30] INFO input username:666
2019-11-08 14:59:23,033 loginView.py[line:34] INFO input password:222
2019-11-08 14:59:24,167 loginView.py[line:37] INFO click loginBtn.
2019-11-08 14:59:24,748 loginView.py[line:39] INFO login finished.
2019-11-08 14:59:24,749 loginView.py[line:55] INFO ========check_loginStatus=======
2019-11-08 14:59:24,749 common_fun.py[line:64] INFO ========check_market_ad=======
2019-11-08 14:59:33,298 loginView.py[line:44] INFO ========check_account_alert=========
2019-11-08 14:59:49,690 loginView.py[line:62] ERROR login fail~
2019-11-08 14:59:49,691 common_fun.py[line:59] INFO get loginFail screenshot
2019-11-08 15:14:24,604 run_test.py[line:20] INFO start run test case.....
2019-11-08 15:14:24,605 test_login.py[line:30] INFO =======test login error======
2019-11-08 15:14:24,605 desired_caps.py[line:46] INFO start app....
2019-11-08 15:14:33,963 common_fun.py[line:75] INFO ========get csv data========
2019-11-08 15:14:33,964 common_fun.py[line:19] INFO =======check cancleBtn=======
2019-11-08 15:14:34,075 common_fun.py[line:25] INFO click cancelBtn~
2019-11-08 15:14:34,144 common_fun.py[line:29] INFO =======check skipBtn=======
2019-11-08 15:14:34,973 common_fun.py[line:35] INFO click skipBtn~
2019-11-08 15:14:35,028 loginView.py[line:29] INFO =======login========
2019-11-08 15:14:35,028 loginView.py[line:30] INFO input username:666
2019-11-08 15:14:38,356 loginView.py[line:34] INFO input password:222
2019-11-08 15:14:40,086 loginView.py[line:37] INFO click loginBtn.
2019-11-08 15:14:40,803 loginView.py[line:39] INFO login finished.
2019-11-08 15:14:40,803 loginView.py[line:55] INFO ========check_loginStatus=======
2019-11-08 15:14:40,803 common_fun.py[line:64] INFO ========check_market_ad=======
2019-11-08 15:14:49,246 loginView.py[line:44] INFO ========check_account_alert=========
2019-11-08 15:15:06,098 loginView.py[line:62] ERROR login fail~
2019-11-08 15:15:06,098 common_fun.py[line:59] INFO get loginFail screenshot
2019-11-08 15:15:06,678 test_login.py[line:21] INFO =======test login zxw2017======
2019-11-08 15:15:06,678 desired_caps.py[line:46] INFO start app....
2019-11-08 15:15:15,797 common_fun.py[line:75] INFO ========get csv data========
2019-11-08 15:15:15,799 common_fun.py[line:19] INFO =======check cancleBtn=======
2019-11-08 15:15:15,870 common_fun.py[line:25] INFO click cancelBtn~
2019-11-08 15:15:15,919 common_fun.py[line:29] INFO =======check skipBtn=======
2019-11-08 15:15:16,646 common_fun.py[line:35] INFO click skipBtn~
2019-11-08 15:15:16,695 loginView.py[line:29] INFO =======login========
2019-11-08 15:15:16,695 loginView.py[line:30] INFO input username:自学网2017
2019-11-08 15:15:18,611 loginView.py[line:34] INFO input password:zxw2017
2019-11-08 15:15:19,204 loginView.py[line:37] INFO click loginBtn.
2019-11-08 15:15:19,802 loginView.py[line:39] INFO login finished.
2019-11-08 15:15:19,803 loginView.py[line:55] INFO ========check_loginStatus=======
2019-11-08 15:15:19,803 common_fun.py[line:64] INFO ========check_market_ad=======
2019-11-08 15:15:28,333 loginView.py[line:44] INFO ========check_account_alert=========
2019-11-08 15:15:37,530 loginView.py[line:66] INFO login success~
2019-11-08 15:15:37,531 loginView.py[line:73] INFO =========logout action=========
2019-11-08 15:15:39,834 test_login.py[line:12] INFO =======test login zxw2018======
2019-11-08 15:15:39,835 desired_caps.py[line:46] INFO start app....
2019-11-08 15:15:49,507 common_fun.py[line:75] INFO ========get csv data========
2019-11-08 15:15:49,508 common_fun.py[line:19] INFO =======check cancleBtn=======
2019-11-08 15:15:49,561 common_fun.py[line:25] INFO click cancelBtn~
2019-11-08 15:15:49,606 common_fun.py[line:29] INFO =======check skipBtn=======
2019-11-08 15:15:50,346 common_fun.py[line:35] INFO click skipBtn~
2019-11-08 15:15:50,389 loginView.py[line:29] INFO =======login========
2019-11-08 15:15:50,389 loginView.py[line:30] INFO input username:自学网2018
2019-11-08 15:15:52,316 loginView.py[line:34] INFO input password:zxw2018
2019-11-08 15:15:52,903 loginView.py[line:37] INFO click loginBtn.
2019-11-08 15:15:53,496 loginView.py[line:39] INFO login finished.
2019-11-08 15:15:53,496 loginView.py[line:55] INFO ========check_loginStatus=======
2019-11-08 15:15:53,497 common_fun.py[line:64] INFO ========check_market_ad=======
2019-11-08 15:16:01,968 loginView.py[line:44] INFO ========check_account_alert=========
2019-11-08 15:23:04,645 run_test.py[line:20] INFO start run test case.....
2019-11-08 15:23:04,646 test_login.py[line:30] INFO =======test login error======
2019-11-08 15:23:04,646 desired_caps.py[line:46] INFO start app....
2019-11-08 15:23:13,900 common_fun.py[line:75] INFO ========get csv data========
2019-11-08 15:23:13,902 common_fun.py[line:19] INFO =======check cancleBtn=======
2019-11-08 15:23:14,017 common_fun.py[line:25] INFO click cancelBtn~
2019-11-08 15:23:14,122 common_fun.py[line:29] INFO =======check skipBtn=======
2019-11-08 15:23:14,935 common_fun.py[line:35] INFO click skipBtn~
2019-11-08 15:23:14,975 loginView.py[line:29] INFO =======login========
2019-11-08 15:23:14,975 loginView.py[line:30] INFO input username:666
2019-11-08 15:23:16,861 loginView.py[line:34] INFO input password:222
2019-11-08 15:23:17,453 loginView.py[line:37] INFO click loginBtn.
2019-11-08 15:23:18,468 loginView.py[line:39] INFO login finished.
2019-11-08 15:23:18,469 loginView.py[line:55] INFO ========check_loginStatus=======
2019-11-08 15:23:18,469 common_fun.py[line:64] INFO ========check_market_ad=======
2019-11-08 15:23:26,889 loginView.py[line:44] INFO ========check_account_alert=========
2019-11-08 15:23:43,839 loginView.py[line:62] ERROR login fail~
2019-11-08 15:23:43,839 common_fun.py[line:59] INFO get loginFail screenshot
2019-11-08 15:23:44,428 test_login.py[line:21] INFO =======test login zxw2017======
2019-11-08 15:23:44,428 desired_caps.py[line:46] INFO start app....
2019-11-08 15:23:53,712 common_fun.py[line:75] INFO ========get csv data========
2019-11-08 15:23:53,713 common_fun.py[line:19] INFO =======check cancleBtn=======
2019-11-08 15:23:53,780 common_fun.py[line:25] INFO click cancelBtn~
2019-11-08 15:23:53,831 common_fun.py[line:29] INFO =======check skipBtn=======
2019-11-08 15:23:54,604 common_fun.py[line:35] INFO click skipBtn~
2019-11-08 15:23:54,647 loginView.py[line:29] INFO =======login========
2019-11-08 15:23:54,647 loginView.py[line:30] INFO input username:自学网2017
2019-11-08 15:23:56,088 loginView.py[line:34] INFO input password:zxw2017
2019-11-08 15:23:57,199 loginView.py[line:37] INFO click loginBtn.
2019-11-08 15:23:57,784 loginView.py[line:39] INFO login finished.
2019-11-08 15:23:57,784 loginView.py[line:55] INFO ========check_loginStatus=======
2019-11-08 15:23:57,784 common_fun.py[line:64] INFO ========check_market_ad=======
2019-11-08 15:24:06,037 loginView.py[line:44] INFO ========check_account_alert=========
2019-11-08 15:24:15,324 loginView.py[line:66] INFO login success~
2019-11-08 15:24:15,324 loginView.py[line:73] INFO =========logout action=========
2019-11-08 15:24:18,521 test_login.py[line:12] INFO =======test login zxw2018======
2019-11-08 15:24:18,521 desired_caps.py[line:46] INFO start app....
2019-11-08 15:24:29,887 common_fun.py[line:75] INFO ========get csv data========
2019-11-08 15:24:29,890 common_fun.py[line:19] INFO =======check cancleBtn=======
2019-11-08 15:24:29,984 common_fun.py[line:25] INFO click cancelBtn~
2019-11-08 15:24:30,071 common_fun.py[line:29] INFO =======check skipBtn=======
2019-11-08 15:24:30,914 common_fun.py[line:35] INFO click skipBtn~
2019-11-08 15:24:30,981 loginView.py[line:29] INFO =======login========
2019-11-08 15:24:30,981 loginView.py[line:30] INFO input username:自学网2018
2019-11-08 15:24:33,072 loginView.py[line:34] INFO input password:zxw2018
2019-11-08 15:24:33,722 loginView.py[line:37] INFO click loginBtn.
2019-11-08 15:24:34,347 loginView.py[line:39] INFO login finished.
2019-11-08 15:24:34,348 loginView.py[line:55] INFO ========check_loginStatus=======
2019-11-08 15:24:34,348 common_fun.py[line:64] INFO ========check_market_ad=======
2019-11-08 15:24:42,642 loginView.py[line:44] INFO ========check_account_alert=========
2019-11-08 15:26:37,977 run_test.py[line:20] INFO start run test case.....
2019-11-08 15:26:37,977 test_login.py[line:30] INFO =======test login error======
2019-11-08 15:26:37,977 desired_caps.py[line:46] INFO start app....
2019-11-08 15:26:46,778 common_fun.py[line:75] INFO ========get csv data========
2019-11-08 15:26:46,779 common_fun.py[line:19] INFO =======check cancleBtn=======
2019-11-08 15:26:46,857 common_fun.py[line:25] INFO click cancelBtn~
2019-11-08 15:26:46,903 common_fun.py[line:29] INFO =======check skipBtn=======
2019-11-08 15:26:47,650 common_fun.py[line:35] INFO click skipBtn~
2019-11-08 15:26:47,694 loginView.py[line:29] INFO =======login========
2019-11-08 15:26:47,694 loginView.py[line:30] INFO input username:666
2019-11-08 15:26:49,609 loginView.py[line:34] INFO input password:222
2019-11-08 15:26:50,717 loginView.py[line:37] INFO click loginBtn.
2019-11-08 15:26:51,304 loginView.py[line:39] INFO login finished.
2019-11-08 15:26:51,304 loginView.py[line:55] INFO ========check_loginStatus=======
2019-11-08 15:26:51,304 common_fun.py[line:64] INFO ========check_market_ad=======
2019-11-08 15:26:59,914 loginView.py[line:44] INFO ========check_account_alert=========
2019-11-08 15:27:16,923 loginView.py[line:62] ERROR login fail~
2019-11-08 15:27:16,923 common_fun.py[line:59] INFO get loginFail screenshot
2019-11-08 15:27:17,801 test_login.py[line:21] INFO =======test login zxw2017======
2019-11-08 15:27:17,801 desired_caps.py[line:46] INFO start app....
2019-11-08 15:27:28,745 common_fun.py[line:75] INFO ========get csv data========
2019-11-08 15:27:28,747 common_fun.py[line:19] INFO =======check cancleBtn=======
2019-11-08 15:27:28,842 common_fun.py[line:25] INFO click cancelBtn~
2019-11-08 15:27:28,940 common_fun.py[line:29] INFO =======check skipBtn=======
2019-11-08 15:27:29,768 common_fun.py[line:35] INFO click skipBtn~
2019-11-08 15:27:29,842 loginView.py[line:29] INFO =======login========
2019-11-08 15:27:29,842 loginView.py[line:30] INFO input username:自学网2017
2019-11-08 15:27:31,870 loginView.py[line:34] INFO input password:zxw2017
2019-11-08 15:27:32,502 loginView.py[line:37] INFO click loginBtn.
2019-11-08 15:27:33,130 loginView.py[line:39] INFO login finished.
2019-11-08 15:27:33,130 loginView.py[line:55] INFO ========check_loginStatus=======
2019-11-08 15:27:33,130 common_fun.py[line:64] INFO ========check_market_ad=======
2019-11-08 15:27:41,433 loginView.py[line:44] INFO ========check_account_alert=========
2019-11-08 15:27:50,848 loginView.py[line:66] INFO login success~
2019-11-08 15:27:50,849 loginView.py[line:73] INFO =========logout action=========
2019-11-08 15:27:53,430 test_login.py[line:12] INFO =======test login zxw2018======
2019-11-08 15:27:53,430 desired_caps.py[line:46] INFO start app....
2019-11-08 15:28:04,436 common_fun.py[line:75] INFO ========get csv data========
2019-11-08 15:28:04,437 common_fun.py[line:19] INFO =======check cancleBtn=======
2019-11-08 15:28:04,537 common_fun.py[line:25] INFO click cancelBtn~
2019-11-08 15:28:04,608 common_fun.py[line:29] INFO =======check skipBtn=======
2019-11-08 15:28:05,450 common_fun.py[line:35] INFO click skipBtn~
2019-11-08 15:28:05,521 loginView.py[line:29] INFO =======login========
2019-11-08 15:28:05,521 loginView.py[line:30] INFO input username:自学网2018
2019-11-08 15:28:07,528 loginView.py[line:34] INFO input password:zxw2018
2019-11-08 15:28:08,687 loginView.py[line:37] INFO click loginBtn.
2019-11-08 15:28:09,339 loginView.py[line:39] INFO login finished.
2019-11-08 15:28:09,340 loginView.py[line:55] INFO ========check_loginStatus=======
2019-11-08 15:28:09,340 common_fun.py[line:64] INFO ========check_market_ad=======
2019-11-08 15:28:17,617 loginView.py[line:44] INFO ========check_account_alert=========
2019-11-08 15:31:34,134 run_test.py[line:20] INFO start run test case.....
2019-11-08 15:31:34,134 test_login.py[line:30] INFO =======test login error======
2019-11-08 15:31:34,134 desired_caps.py[line:46] INFO start app....
2019-11-08 15:31:43,630 common_fun.py[line:75] INFO ========get csv data========
2019-11-08 15:31:43,631 common_fun.py[line:19] INFO =======check cancleBtn=======
2019-11-08 15:31:43,786 common_fun.py[line:25] INFO click cancelBtn~
2019-11-08 15:31:43,889 common_fun.py[line:29] INFO =======check skipBtn=======
2019-11-08 15:31:44,718 common_fun.py[line:35] INFO click skipBtn~
2019-11-08 15:31:44,774 loginView.py[line:29] INFO =======login========
2019-11-08 15:31:44,775 loginView.py[line:30] INFO input username:666
2019-11-08 15:31:46,164 loginView.py[line:34] INFO input password:222
2019-11-08 15:31:46,771 loginView.py[line:37] INFO click loginBtn.
2019-11-08 15:31:47,958 loginView.py[line:39] INFO login finished.
2019-11-08 15:31:47,958 loginView.py[line:55] INFO ========check_loginStatus=======
2019-11-08 15:31:47,959 common_fun.py[line:64] INFO ========check_market_ad=======
2019-11-08 15:31:56,462 loginView.py[line:44] INFO ========check_account_alert=========
2019-11-08 15:32:13,567 loginView.py[line:62] ERROR login fail~
2019-11-08 15:32:13,567 common_fun.py[line:59] INFO get loginFail screenshot
2019-11-08 15:32:14,140 test_login.py[line:21] INFO =======test login zxw2017======
2019-11-08 15:32:14,140 desired_caps.py[line:46] INFO start app....
2019-11-08 15:32:23,964 common_fun.py[line:75] INFO ========get csv data========
2019-11-08 15:32:23,965 common_fun.py[line:19] INFO =======check cancleBtn=======
2019-11-08 15:32:24,053 common_fun.py[line:25] INFO click cancelBtn~
2019-11-08 15:32:24,130 common_fun.py[line:29] INFO =======check skipBtn=======
2019-11-08 15:32:24,988 common_fun.py[line:35] INFO click skipBtn~
2019-11-08 15:32:25,058 loginView.py[line:29] INFO =======login========
2019-11-08 15:32:25,058 loginView.py[line:30] INFO input username:自学网2017
2019-11-08 15:32:27,025 loginView.py[line:34] INFO input password:zxw2017
2019-11-08 15:32:27,659 loginView.py[line:37] INFO click loginBtn.
2019-11-08 15:32:28,275 loginView.py[line:39] INFO login finished.
2019-11-08 15:32:28,275 loginView.py[line:55] INFO ========check_loginStatus=======
2019-11-08 15:32:28,275 common_fun.py[line:64] INFO ========check_market_ad=======
2019-11-08 15:32:36,527 loginView.py[line:44] INFO ========check_account_alert=========
2019-11-08 15:32:46,018 loginView.py[line:66] INFO login success~
2019-11-08 15:32:46,018 loginView.py[line:73] INFO =========logout action=========
2019-11-08 15:32:48,528 test_login.py[line:12] INFO =======test login zxw2018======
2019-11-08 15:32:48,528 desired_caps.py[line:46] INFO start app....
2019-11-08 15:32:58,458 common_fun.py[line:75] INFO ========get csv data========
2019-11-08 15:32:58,458 common_fun.py[line:19] INFO =======check cancleBtn=======
2019-11-08 15:32:58,544 common_fun.py[line:25] INFO click cancelBtn~
2019-11-08 15:32:58,634 common_fun.py[line:29] INFO =======check skipBtn=======
2019-11-08 15:32:59,442 common_fun.py[line:35] INFO click skipBtn~
2019-11-08 15:32:59,509 loginView.py[line:29] INFO =======login========
2019-11-08 15:32:59,509 loginView.py[line:30] INFO input username:自学网2018
2019-11-08 15:33:00,977 loginView.py[line:34] INFO input password:zxw2018
2019-11-08 15:33:02,110 loginView.py[line:37] INFO click loginBtn.
2019-11-08 15:33:02,721 loginView.py[line:39] INFO login finished.
2019-11-08 15:33:02,721 loginView.py[line:55] INFO ========check_loginStatus=======
2019-11-08 15:33:02,721 common_fun.py[line:64] INFO ========check_market_ad=======
2019-11-08 15:33:11,036 loginView.py[line:44] INFO ========check_account_alert=========
2019-11-08 15:33:20,389 loginView.py[line:66] INFO login success~
2019-11-08 15:33:20,390 loginView.py[line:73] INFO =========logout action=========
2019-11-11 16:57:52,337 run_test.py[line:25] INFO start run test case.....
2019-11-11 16:57:52,337 test_login.py[line:30] INFO =======test login error======
2019-11-11 16:57:52,338 desired_caps.py[line:46] INFO start app....
2019-11-11 16:58:03,803 common_fun.py[line:75] INFO ========get csv data========
2019-11-11 16:58:03,805 common_fun.py[line:19] INFO =======check cancleBtn=======
2019-11-11 16:58:04,877 common_fun.py[line:25] INFO click cancelBtn~
2019-11-11 16:58:04,932 common_fun.py[line:29] INFO =======check skipBtn=======
2019-11-11 16:58:05,708 common_fun.py[line:35] INFO click skipBtn~
2019-11-11 16:58:05,769 loginView.py[line:29] INFO =======login========
2019-11-11 16:58:05,769 loginView.py[line:30] INFO input username:666
2019-11-11 16:58:09,124 loginView.py[line:34] INFO input password:222
2019-11-11 16:58:10,816 loginView.py[line:37] INFO click loginBtn.
2019-11-11 16:58:11,459 loginView.py[line:39] INFO login finished.
2019-11-11 16:58:11,459 loginView.py[line:55] INFO ========check_loginStatus=======
2019-11-11 16:58:11,459 common_fun.py[line:64] INFO ========check_market_ad=======
2019-11-11 16:58:19,679 loginView.py[line:44] INFO ========check_account_alert=========
2019-11-11 16:58:36,577 loginView.py[line:62] ERROR login fail~
2019-11-11 16:58:36,578 common_fun.py[line:59] INFO get loginFail screenshot
2019-11-11 16:58:37,171 test_login.py[line:21] INFO =======test login zxw2017======
2019-11-11 16:58:37,172 desired_caps.py[line:46] INFO start app....
2019-11-11 16:58:46,465 common_fun.py[line:75] INFO ========get csv data========
2019-11-11 16:58:46,467 common_fun.py[line:19] INFO =======check cancleBtn=======
2019-11-11 16:58:46,556 common_fun.py[line:25] INFO click cancelBtn~
2019-11-11 16:58:46,605 common_fun.py[line:29] INFO =======check skipBtn=======
2019-11-11 16:58:47,337 common_fun.py[line:35] INFO click skipBtn~
2019-11-11 16:58:47,388 loginView.py[line:29] INFO =======login========
2019-11-11 16:58:47,389 loginView.py[line:30] INFO input username:自学网2017
2019-11-11 16:58:50,685 loginView.py[line:34] INFO input password:zxw2017
2019-11-11 16:58:52,343 loginView.py[line:37] INFO click loginBtn.
2019-11-11 16:58:54,646 loginView.py[line:39] INFO login finished.
2019-11-11 16:58:54,646 loginView.py[line:55] INFO ========check_loginStatus=======
2019-11-11 16:58:54,646 common_fun.py[line:64] INFO ========check_market_ad=======
2019-11-11 16:59:02,847 loginView.py[line:44] INFO ========check_account_alert=========
2019-11-11 16:59:12,220 loginView.py[line:66] INFO login success~
2019-11-11 16:59:12,220 loginView.py[line:73] INFO =========logout action=========
2019-11-11 16:59:14,559 test_login.py[line:12] INFO =======test login zxw2018======
2019-11-11 16:59:14,559 desired_caps.py[line:46] INFO start app....
2019-11-11 16:59:24,123 common_fun.py[line:75] INFO ========get csv data========
2019-11-11 16:59:24,123 common_fun.py[line:19] INFO =======check cancleBtn=======
2019-11-22 15:23:48,299 run_test.py[line:21] INFO start run test case.....
2019-11-22 15:23:48,299 test_login.py[line:30] INFO =======test login error======
2019-11-22 15:23:48,299 desired_caps.py[line:46] INFO start app....
2019-11-22 15:23:59,752 common_fun.py[line:75] INFO ========get csv data========
2019-11-22 15:23:59,753 common_fun.py[line:19] INFO =======check cancleBtn=======
2019-11-22 15:23:59,830 common_fun.py[line:25] INFO click cancelBtn~
2019-11-22 15:23:59,873 common_fun.py[line:29] INFO =======check skipBtn=======
2019-11-22 15:24:00,645 common_fun.py[line:35] INFO click skipBtn~
2019-11-22 15:24:00,688 loginView.py[line:29] INFO =======login========
2019-11-22 15:24:00,688 loginView.py[line:30] INFO input username:666
2019-11-22 15:24:02,618 loginView.py[line:34] INFO input password:222
2019-11-22 15:24:03,229 loginView.py[line:37] INFO click loginBtn.
2019-11-22 15:24:05,297 loginView.py[line:39] INFO login finished.
2019-11-22 15:24:05,297 loginView.py[line:55] INFO ========check_loginStatus=======
2019-11-22 15:24:05,297 common_fun.py[line:64] INFO ========check_market_ad=======
2019-11-22 15:24:13,627 loginView.py[line:44] INFO ========check_account_alert=========
2019-11-22 15:24:29,978 loginView.py[line:62] ERROR login fail~
2019-11-22 15:24:29,978 common_fun.py[line:59] INFO get loginFail screenshot
2019-11-22 15:24:30,533 test_login.py[line:21] INFO =======test login zxw2017======
2019-11-22 15:24:30,533 desired_caps.py[line:46] INFO start app....
2019-11-22 15:24:39,331 common_fun.py[line:75] INFO ========get csv data========
2019-11-22 15:24:39,332 common_fun.py[line:19] INFO =======check cancleBtn=======
2019-11-22 15:24:39,392 common_fun.py[line:25] INFO click cancelBtn~
2019-11-22 15:24:39,435 common_fun.py[line:29] INFO =======check skipBtn=======
2019-11-22 15:24:40,204 common_fun.py[line:35] INFO click skipBtn~
2019-11-22 15:24:40,244 loginView.py[line:29] INFO =======login========
2019-11-22 15:24:40,244 loginView.py[line:30] INFO input username:自学网2017
2019-11-22 15:24:42,141 loginView.py[line:34] INFO input password:zxw2017
2019-11-22 15:24:42,727 loginView.py[line:37] INFO click loginBtn.
2019-11-22 15:24:45,055 loginView.py[line:39] INFO login finished.
2019-11-22 15:24:45,055 loginView.py[line:55] INFO ========check_loginStatus=======
2019-11-22 15:24:45,055 common_fun.py[line:64] INFO ========check_market_ad=======
2019-11-22 15:24:53,445 loginView.py[line:44] INFO ========check_account_alert=========
2019-11-22 15:25:02,856 loginView.py[line:66] INFO login success~
2019-11-22 15:25:02,857 loginView.py[line:73] INFO =========logout action=========
2019-11-22 15:25:05,369 test_login.py[line:12] INFO =======test login zxw2018======
2019-11-22 15:25:05,369 desired_caps.py[line:46] INFO start app....
2019-11-22 15:25:14,442 common_fun.py[line:75] INFO ========get csv data========
2019-11-22 15:25:14,443 common_fun.py[line:19] INFO =======check cancleBtn=======
2019-11-22 15:25:14,518 common_fun.py[line:25] INFO click cancelBtn~
2019-11-22 15:25:14,570 common_fun.py[line:29] INFO =======check skipBtn=======
2019-11-22 15:25:15,352 common_fun.py[line:35] INFO click skipBtn~
2019-11-22 15:25:15,399 loginView.py[line:29] INFO =======login========
2019-11-22 15:25:15,399 loginView.py[line:30] INFO input username:自学网2018
2019-11-22 15:25:17,312 loginView.py[line:34] INFO input password:zxw2018
2019-11-22 15:25:17,903 loginView.py[line:37] INFO click loginBtn.
2019-11-22 15:25:20,683 loginView.py[line:39] INFO login finished.
2019-11-22 15:25:20,684 loginView.py[line:55] INFO ========check_loginStatus=======
2019-11-22 15:25:20,684 common_fun.py[line:64] INFO ========check_market_ad=======
2019-11-22 15:25:28,803 loginView.py[line:44] INFO ========check_account_alert=========
2019-11-22 15:25:37,657 loginView.py[line:66] INFO login success~
2019-11-22 15:25:37,657 loginView.py[line:73] INFO =========logout action=========
2019-11-29 22:11:39,549 run_test.py[line:21] INFO start run test case.....
2019-11-29 22:11:39,549 test_login.py[line:30] INFO =======test login error======
2019-11-29 22:11:39,550 desired_caps.py[line:46] INFO start app....
2019-11-29 22:11:50,492 common_fun.py[line:75] INFO ========get csv data========
2019-11-29 22:11:50,493 common_fun.py[line:19] INFO =======check cancleBtn=======
2019-11-29 22:11:50,993 common_fun.py[line:25] INFO click cancelBtn~
2019-11-29 22:11:51,091 common_fun.py[line:29] INFO =======check skipBtn=======
2019-11-29 22:11:51,925 common_fun.py[line:35] INFO click skipBtn~
2019-11-29 22:11:52,005 loginView.py[line:29] INFO =======login========
2019-11-29 22:11:52,006 loginView.py[line:30] INFO input username:666
2019-11-29 22:11:54,186 loginView.py[line:34] INFO input password:222
2019-11-29 22:11:55,569 loginView.py[line:37] INFO click loginBtn.
2019-11-29 22:11:56,504 loginView.py[line:39] INFO login finished.
2019-11-29 22:11:56,504 loginView.py[line:55] INFO ========check_loginStatus=======
2019-11-29 22:11:56,505 common_fun.py[line:64] INFO ========check_market_ad=======
2019-11-29 22:12:04,795 loginView.py[line:44] INFO ========check_account_alert=========
2019-11-29 22:12:21,041 loginView.py[line:62] ERROR login fail~
2019-11-29 22:12:21,041 common_fun.py[line:59] INFO get loginFail screenshot
2019-11-29 22:12:21,573 test_login.py[line:21] INFO =======test login zxw2017======
2019-11-29 22:12:21,573 desired_caps.py[line:46] INFO start app....
2019-11-29 22:12:30,233 common_fun.py[line:75] INFO ========get csv data========
2019-11-29 22:12:30,249 common_fun.py[line:19] INFO =======check cancleBtn=======
2019-11-29 22:12:31,101 common_fun.py[line:25] INFO click cancelBtn~
2019-11-29 22:12:31,147 common_fun.py[line:29] INFO =======check skipBtn=======
2019-11-29 22:12:31,889 common_fun.py[line:35] INFO click skipBtn~
2019-11-29 22:12:31,930 loginView.py[line:29] INFO =======login========
2019-11-29 22:12:31,931 loginView.py[line:30] INFO input username:自学网2017
2019-11-29 22:12:34,512 loginView.py[line:34] INFO input password:zxw2017
2019-11-29 22:12:35,373 loginView.py[line:37] INFO click loginBtn.
2019-11-29 22:12:36,922 loginView.py[line:39] INFO login finished.
2019-11-29 22:12:36,922 loginView.py[line:55] INFO ========check_loginStatus=======
2019-11-29 22:12:36,922 common_fun.py[line:64] INFO ========check_market_ad=======
2019-11-29 22:12:45,223 loginView.py[line:44] INFO ========check_account_alert=========
2019-11-29 22:12:54,293 loginView.py[line:66] INFO login success~
2019-11-29 22:12:54,293 loginView.py[line:73] INFO =========logout action=========
2019-11-29 22:12:56,610 test_login.py[line:12] INFO =======test login zxw2018======
2019-11-29 22:12:56,610 desired_caps.py[line:46] INFO start app....
2019-11-29 22:13:05,500 common_fun.py[line:75] INFO ========get csv data========
2019-11-29 22:13:05,500 common_fun.py[line:19] INFO =======check cancleBtn=======
2019-11-29 22:13:05,823 common_fun.py[line:25] INFO click cancelBtn~
2019-11-29 22:13:05,901 common_fun.py[line:29] INFO =======check skipBtn=======
2019-11-29 22:13:06,697 common_fun.py[line:35] INFO click skipBtn~
2019-11-29 22:13:06,750 loginView.py[line:29] INFO =======login========
2019-11-29 22:13:06,750 loginView.py[line:30] INFO input username:自学网2018
2019-11-29 22:13:08,419 loginView.py[line:34] INFO input password:zxw2018
2019-11-29 22:13:09,091 loginView.py[line:37] INFO click loginBtn.
2019-11-29 22:13:09,927 loginView.py[line:39] INFO login finished.
2019-11-29 22:13:09,928 loginView.py[line:55] INFO ========check_loginStatus=======
2019-11-29 22:13:09,928 common_fun.py[line:64] INFO ========check_market_ad=======
2019-11-29 22:13:18,258 loginView.py[line:44] INFO ========check_account_alert=========
2019-11-29 22:13:27,787 loginView.py[line:66] INFO login success~
2019-11-29 22:13:27,787 loginView.py[line:73] INFO =========logout action=========
2019-12-01 22:01:29,019 test_login.py[line:12] INFO =======test login zxw2018======
2019-12-01 22:02:39,813 test_login.py[line:12] INFO =======test login zxw2018======
2019-12-01 22:07:20,989 test_login.py[line:12] INFO =======test login zxw2018======
2019-12-01 22:08:16,815 test_login.py[line:12] INFO =======test login zxw2018======
2019-12-01 22:08:16,815 desired_caps.py[line:46] INFO start app....
2019-12-01 22:13:28,439 desired_caps.py[line:46] INFO start app....
2019-12-01 22:13:37,600 test_login.py[line:12] INFO =======test login zxw2018======
2019-12-01 22:13:37,600 common_fun.py[line:75] INFO ========get csv data========
2019-12-01 22:13:37,601 common_fun.py[line:19] INFO =======check cancleBtn=======
2019-12-01 22:13:37,703 common_fun.py[line:25] INFO click cancelBtn~
2019-12-01 22:13:37,800 common_fun.py[line:29] INFO =======check skipBtn=======
2019-12-01 22:13:38,647 common_fun.py[line:35] INFO click skipBtn~
2019-12-01 22:13:38,722 loginView.py[line:29] INFO =======login========
2019-12-01 22:13:38,722 loginView.py[line:30] INFO input username:自学网2018
2019-12-01 22:13:40,446 loginView.py[line:34] INFO input password:zxw2018
2019-12-01 22:13:41,160 loginView.py[line:37] INFO click loginBtn.
2019-12-01 22:13:41,891 loginView.py[line:39] INFO login finished.
2019-12-01 22:13:41,891 loginView.py[line:55] INFO ========check_loginStatus=======
2019-12-01 22:13:41,892 common_fun.py[line:64] INFO ========check_market_ad=======
2019-12-01 22:13:50,154 loginView.py[line:44] INFO ========check_account_alert=========
2019-12-01 22:13:59,479 loginView.py[line:66] INFO login success~
2019-12-01 22:13:59,479 loginView.py[line:73] INFO =========logout action=========
2019-12-04 14:43:04,267 desired_caps.py[line:46] INFO start app....
